2025-04-18T00:18:22.366+03:00  INFO 20856 --- [Cinema] [main] com.example.cinema.CinemaApplication     : Starting CinemaApplication using Java 23.0.2 with PID 20856 (C:\Users\vallanbabes\IdeaProjects\Cinema\target\classes started by vallanbabes in C:\Users\vallanbabes\IdeaProjects\Cinema)
2025-04-18T00:18:22.369+03:00 DEBUG 20856 --- [Cinema] [main] com.example.cinema.CinemaApplication     : Running with Spring Boot v3.4.2, Spring v6.2.2
2025-04-18T00:18:22.371+03:00  INFO 20856 --- [Cinema] [main] com.example.cinema.CinemaApplication     : No active profile set, falling back to 1 default profile: "default"
2025-04-18T00:18:23.554+03:00  INFO 20856 --- [Cinema] [main] .s.d.r.c.RepositoryConfigurationDelegate : Bootstrapping Spring Data JPA repositories in DEFAULT mode.
2025-04-18T00:18:23.692+03:00  INFO 20856 --- [Cinema] [main] .s.d.r.c.RepositoryConfigurationDelegate : Finished Spring Data repository scanning in 117 ms. Found 2 JPA repository interfaces.
2025-04-18T00:18:24.498+03:00  INFO 20856 --- [Cinema] [main] o.s.b.w.embedded.tomcat.TomcatWebServer  : Tomcat initialized with port 8080 (http)
2025-04-18T00:18:24.599+03:00  INFO 20856 --- [Cinema] [main] w.s.c.ServletWebServerApplicationContext : Root WebApplicationContext: initialization completed in 2156 ms
2025-04-18T00:18:24.770+03:00  INFO 20856 --- [Cinema] [main] o.hibernate.jpa.internal.util.LogHelper  : HHH000204: Processing PersistenceUnitInfo [name: default]
2025-04-18T00:18:24.831+03:00  INFO 20856 --- [Cinema] [main] org.hibernate.Version                    : HHH000412: Hibernate ORM core version 6.6.5.Final
2025-04-18T00:18:24.871+03:00  INFO 20856 --- [Cinema] [main] o.h.c.internal.RegionFactoryInitiator    : HHH000026: Second-level cache disabled
2025-04-18T00:18:25.491+03:00  INFO 20856 --- [Cinema] [main] o.s.o.j.p.SpringPersistenceUnitInfo      : No LoadTimeWeaver setup: ignoring JPA class transformer
2025-04-18T00:18:25.518+03:00  INFO 20856 --- [Cinema] [main] com.zaxxer.hikari.HikariDataSource       : HikariPool-1 - Starting...
2025-04-18T00:18:25.829+03:00  INFO 20856 --- [Cinema] [main] com.zaxxer.hikari.pool.HikariPool        : HikariPool-1 - Added connection org.postgresql.jdbc.PgConnection@2bdcfcf
2025-04-18T00:18:25.832+03:00  INFO 20856 --- [Cinema] [main] com.zaxxer.hikari.HikariDataSource       : HikariPool-1 - Start completed.
2025-04-18T00:18:25.938+03:00  WARN 20856 --- [Cinema] [main] org.hibernate.orm.deprecation            : HHH90000025: PostgreSQLDialect does not need to be specified explicitly using 'hibernate.dialect' (remove the property setting and it will be selected by default)
2025-04-18T00:18:25.988+03:00  INFO 20856 --- [Cinema] [main] org.hibernate.orm.connections.pooling    : HHH10001005: Database info:
	Database JDBC URL [Connecting through datasource 'HikariDataSource (HikariPool-1)']
	Database driver: undefined/unknown
	Database version: 17.4
	Autocommit mode: undefined/unknown
	Isolation level: undefined/unknown
	Minimum pool size: undefined/unknown
	Maximum pool size: undefined/unknown
2025-04-18T00:18:27.483+03:00  INFO 20856 --- [Cinema] [main] o.h.e.t.j.p.i.JtaPlatformInitiator       : HHH000489: No JTA platform available (set 'hibernate.transaction.jta.platform' to enable JTA platform integration)
2025-04-18T00:18:27.661+03:00  INFO 20856 --- [Cinema] [main] j.LocalContainerEntityManagerFactoryBean : Initialized JPA EntityManagerFactory for persistence unit 'default'
2025-04-18T00:18:28.471+03:00  INFO 20856 --- [Cinema] [main] o.s.d.j.r.query.QueryEnhancerFactory     : Hibernate is in classpath; If applicable, HQL parser will be used.
2025-04-18T00:18:30.269+03:00  WARN 20856 --- [Cinema] [main] JpaBaseConfiguration$JpaWebConfiguration : spring.jpa.open-in-view is enabled by default. Therefore, database queries may be performed during view rendering. Explicitly configure spring.jpa.open-in-view to disable this warning
2025-04-18T00:18:30.326+03:00  INFO 20856 --- [Cinema] [main] o.s.b.a.w.s.WelcomePageHandlerMapping    : Adding welcome page: class path resource [static/index.html]
2025-04-18T00:18:31.366+03:00  INFO 20856 --- [Cinema] [main] o.s.b.w.embedded.tomcat.TomcatWebServer  : Tomcat started on port 8080 (http) with context path '/'
2025-04-18T00:18:31.389+03:00  INFO 20856 --- [Cinema] [main] com.example.cinema.CinemaApplication     : Started CinemaApplication in 9.657 seconds (process running for 10.551)
2025-04-18T00:18:31.394+03:00  INFO 20856 --- [Cinema] [SpringApplicationShutdownHook] o.s.b.w.e.tomcat.GracefulShutdown        : Commencing graceful shutdown. Waiting for active requests to complete
2025-04-18T00:18:31.406+03:00  INFO 20856 --- [Cinema] [tomcat-shutdown] o.s.b.w.e.tomcat.GracefulShutdown        : Graceful shutdown complete
2025-04-18T00:18:31.413+03:00  INFO 20856 --- [Cinema] [SpringApplicationShutdownHook] j.LocalContainerEntityManagerFactoryBean : Closing JPA EntityManagerFactory for persistence unit 'default'
2025-04-18T00:18:31.418+03:00  INFO 20856 --- [Cinema] [SpringApplicationShutdownHook] com.zaxxer.hikari.HikariDataSource       : HikariPool-1 - Shutdown initiated...
2025-04-18T00:18:31.425+03:00  INFO 20856 --- [Cinema] [SpringApplicationShutdownHook] com.zaxxer.hikari.HikariDataSource       : HikariPool-1 - Shutdown completed.
2025-04-18T00:21:36.755+03:00  INFO 4548 --- [Cinema] [main] com.example.cinema.CinemaApplication     : Starting CinemaApplication using Java 23.0.2 with PID 4548 (C:\Users\vallanbabes\IdeaProjects\Cinema\target\classes started by vallanbabes in C:\Users\vallanbabes\IdeaProjects\Cinema)
2025-04-18T00:21:36.756+03:00 DEBUG 4548 --- [Cinema] [main] com.example.cinema.CinemaApplication     : Running with Spring Boot v3.4.2, Spring v6.2.2
2025-04-18T00:21:36.758+03:00  INFO 4548 --- [Cinema] [main] com.example.cinema.CinemaApplication     : No active profile set, falling back to 1 default profile: "default"
2025-04-18T00:21:38.173+03:00  INFO 4548 --- [Cinema] [main] .s.d.r.c.RepositoryConfigurationDelegate : Bootstrapping Spring Data JPA repositories in DEFAULT mode.
2025-04-18T00:21:38.273+03:00  INFO 4548 --- [Cinema] [main] .s.d.r.c.RepositoryConfigurationDelegate : Finished Spring Data repository scanning in 84 ms. Found 2 JPA repository interfaces.
2025-04-18T00:21:39.554+03:00  INFO 4548 --- [Cinema] [main] o.s.b.w.embedded.tomcat.TomcatWebServer  : Tomcat initialized with port 8080 (http)
2025-04-18T00:21:39.581+03:00  INFO 4548 --- [Cinema] [main] o.apache.catalina.core.StandardService   : Starting service [Tomcat]
2025-04-18T00:21:39.581+03:00  INFO 4548 --- [Cinema] [main] o.apache.catalina.core.StandardEngine    : Starting Servlet engine: [Apache Tomcat/10.1.34]
2025-04-18T00:21:39.715+03:00  INFO 4548 --- [Cinema] [main] o.a.c.c.C.[Tomcat].[localhost].[/]       : Initializing Spring embedded WebApplicationContext
2025-04-18T00:21:39.716+03:00  INFO 4548 --- [Cinema] [main] w.s.c.ServletWebServerApplicationContext : Root WebApplicationContext: initialization completed in 2879 ms
2025-04-18T00:21:40.184+03:00  INFO 4548 --- [Cinema] [main] o.hibernate.jpa.internal.util.LogHelper  : HHH000204: Processing PersistenceUnitInfo [name: default]
2025-04-18T00:21:40.363+03:00  INFO 4548 --- [Cinema] [main] org.hibernate.Version                    : HHH000412: Hibernate ORM core version 6.6.5.Final
2025-04-18T00:21:40.457+03:00  INFO 4548 --- [Cinema] [main] o.h.c.internal.RegionFactoryInitiator    : HHH000026: Second-level cache disabled
2025-04-18T00:21:40.885+03:00  INFO 4548 --- [Cinema] [main] o.s.o.j.p.SpringPersistenceUnitInfo      : No LoadTimeWeaver setup: ignoring JPA class transformer
2025-04-18T00:21:40.963+03:00  INFO 4548 --- [Cinema] [main] com.zaxxer.hikari.HikariDataSource       : HikariPool-1 - Starting...
2025-04-18T00:21:41.311+03:00  INFO 4548 --- [Cinema] [main] com.zaxxer.hikari.pool.HikariPool        : HikariPool-1 - Added connection org.postgresql.jdbc.PgConnection@4070ace9
2025-04-18T00:21:41.313+03:00  INFO 4548 --- [Cinema] [main] com.zaxxer.hikari.HikariDataSource       : HikariPool-1 - Start completed.
2025-04-18T00:21:41.347+03:00  WARN 4548 --- [Cinema] [main] org.hibernate.orm.deprecation            : HHH90000025: PostgreSQLDialect does not need to be specified explicitly using 'hibernate.dialect' (remove the property setting and it will be selected by default)
2025-04-18T00:21:41.366+03:00  INFO 4548 --- [Cinema] [main] org.hibernate.orm.connections.pooling    : HHH10001005: Database info:
	Database JDBC URL [Connecting through datasource 'HikariDataSource (HikariPool-1)']
	Database driver: undefined/unknown
	Database version: 17.4
	Autocommit mode: undefined/unknown
	Isolation level: undefined/unknown
	Minimum pool size: undefined/unknown
	Maximum pool size: undefined/unknown
2025-04-18T00:21:43.091+03:00  INFO 4548 --- [Cinema] [main] o.h.e.t.j.p.i.JtaPlatformInitiator       : HHH000489: No JTA platform available (set 'hibernate.transaction.jta.platform' to enable JTA platform integration)
2025-04-18T00:21:43.511+03:00  INFO 4548 --- [Cinema] [main] j.LocalContainerEntityManagerFactoryBean : Initialized JPA EntityManagerFactory for persistence unit 'default'
2025-04-18T00:21:44.443+03:00  INFO 4548 --- [Cinema] [main] o.s.d.j.r.query.QueryEnhancerFactory     : Hibernate is in classpath; If applicable, HQL parser will be used.
2025-04-18T00:21:46.385+03:00  WARN 4548 --- [Cinema] [main] JpaBaseConfiguration$JpaWebConfiguration : spring.jpa.open-in-view is enabled by default. Therefore, database queries may be performed during view rendering. Explicitly configure spring.jpa.open-in-view to disable this warning
2025-04-18T00:21:46.482+03:00  INFO 4548 --- [Cinema] [main] o.s.b.a.w.s.WelcomePageHandlerMapping    : Adding welcome page: class path resource [static/index.html]
2025-04-18T00:21:48.030+03:00  INFO 4548 --- [Cinema] [main] o.s.b.w.embedded.tomcat.TomcatWebServer  : Tomcat started on port 8080 (http) with context path '/'
2025-04-18T00:21:48.055+03:00  INFO 4548 --- [Cinema] [main] com.example.cinema.CinemaApplication     : Started CinemaApplication in 11.913 seconds (process running for 12.838)
2025-04-18T00:21:48.353+03:00  INFO 4548 --- [Cinema] [http-nio-8080-exec-1] o.a.c.c.C.[Tomcat].[localhost].[/]       : Initializing Spring DispatcherServlet 'dispatcherServlet'
2025-04-18T00:21:48.354+03:00  INFO 4548 --- [Cinema] [http-nio-8080-exec-1] o.s.web.servlet.DispatcherServlet        : Initializing Servlet 'dispatcherServlet'
2025-04-18T00:21:48.357+03:00  INFO 4548 --- [Cinema] [http-nio-8080-exec-1] o.s.web.servlet.DispatcherServlet        : Completed initialization in 3 ms
2025-04-18T00:21:49.982+03:00  INFO 4548 --- [Cinema] [http-nio-8080-exec-10] o.springdoc.api.AbstractOpenApiResource  : Init duration for springdoc-openapi is: 846 ms
2025-04-18T00:26:29.003+03:00  INFO 4548 --- [Cinema] [SpringApplicationShutdownHook] o.s.b.w.e.tomcat.GracefulShutdown        : Commencing graceful shutdown. Waiting for active requests to complete
2025-04-18T00:26:29.022+03:00  INFO 4548 --- [Cinema] [tomcat-shutdown] o.s.b.w.e.tomcat.GracefulShutdown        : Graceful shutdown complete
2025-04-18T00:26:29.030+03:00  INFO 4548 --- [Cinema] [SpringApplicationShutdownHook] j.LocalContainerEntityManagerFactoryBean : Closing JPA EntityManagerFactory for persistence unit 'default'
2025-04-18T00:26:29.035+03:00  INFO 4548 --- [Cinema] [SpringApplicationShutdownHook] com.zaxxer.hikari.HikariDataSource       : HikariPool-1 - Shutdown initiated...
2025-04-18T00:26:29.042+03:00  INFO 4548 --- [Cinema] [SpringApplicationShutdownHook] com.zaxxer.hikari.HikariDataSource       : HikariPool-1 - Shutdown completed.
2025-04-18T00:30:45.076+03:00  INFO 8244 --- [Cinema] [main] com.example.cinema.CinemaApplication     : Starting CinemaApplication using Java 23.0.2 with PID 8244 (C:\Users\vallanbabes\IdeaProjects\Cinema\target\classes started by vallanbabes in C:\Users\vallanbabes\IdeaProjects\Cinema)
2025-04-18T00:30:45.078+03:00 DEBUG 8244 --- [Cinema] [main] com.example.cinema.CinemaApplication     : Running with Spring Boot v3.4.2, Spring v6.2.2
2025-04-18T00:30:45.079+03:00  INFO 8244 --- [Cinema] [main] com.example.cinema.CinemaApplication     : No active profile set, falling back to 1 default profile: "default"
2025-04-18T00:30:46.100+03:00  INFO 8244 --- [Cinema] [main] .s.d.r.c.RepositoryConfigurationDelegate : Bootstrapping Spring Data JPA repositories in DEFAULT mode.
2025-04-18T00:30:46.175+03:00  INFO 8244 --- [Cinema] [main] .s.d.r.c.RepositoryConfigurationDelegate : Finished Spring Data repository scanning in 67 ms. Found 2 JPA repository interfaces.
2025-04-18T00:30:47.546+03:00  INFO 8244 --- [Cinema] [main] o.s.b.w.embedded.tomcat.TomcatWebServer  : Tomcat initialized with port 8080 (http)
2025-04-18T00:30:47.580+03:00  INFO 8244 --- [Cinema] [main] o.apache.catalina.core.StandardService   : Starting service [Tomcat]
2025-04-18T00:30:47.582+03:00  INFO 8244 --- [Cinema] [main] o.apache.catalina.core.StandardEngine    : Starting Servlet engine: [Apache Tomcat/10.1.34]
2025-04-18T00:30:47.772+03:00  INFO 8244 --- [Cinema] [main] o.a.c.c.C.[Tomcat].[localhost].[/]       : Initializing Spring embedded WebApplicationContext
2025-04-18T00:30:47.774+03:00  INFO 8244 --- [Cinema] [main] w.s.c.ServletWebServerApplicationContext : Root WebApplicationContext: initialization completed in 2599 ms
2025-04-18T00:30:48.033+03:00  INFO 8244 --- [Cinema] [main] o.hibernate.jpa.internal.util.LogHelper  : HHH000204: Processing PersistenceUnitInfo [name: default]
2025-04-18T00:30:48.131+03:00  INFO 8244 --- [Cinema] [main] org.hibernate.Version                    : HHH000412: Hibernate ORM core version 6.6.5.Final
2025-04-18T00:30:48.175+03:00  INFO 8244 --- [Cinema] [main] o.h.c.internal.RegionFactoryInitiator    : HHH000026: Second-level cache disabled
2025-04-18T00:30:48.506+03:00  INFO 8244 --- [Cinema] [main] o.s.o.j.p.SpringPersistenceUnitInfo      : No LoadTimeWeaver setup: ignoring JPA class transformer
2025-04-18T00:30:48.538+03:00  INFO 8244 --- [Cinema] [main] com.zaxxer.hikari.HikariDataSource       : HikariPool-1 - Starting...
2025-04-18T00:30:48.731+03:00  INFO 8244 --- [Cinema] [main] com.zaxxer.hikari.pool.HikariPool        : HikariPool-1 - Added connection org.postgresql.jdbc.PgConnection@370225c7
2025-04-18T00:30:48.734+03:00  INFO 8244 --- [Cinema] [main] com.zaxxer.hikari.HikariDataSource       : HikariPool-1 - Start completed.
2025-04-18T00:30:48.802+03:00  WARN 8244 --- [Cinema] [main] org.hibernate.orm.deprecation            : HHH90000025: PostgreSQLDialect does not need to be specified explicitly using 'hibernate.dialect' (remove the property setting and it will be selected by default)
2025-04-18T00:30:48.865+03:00  INFO 8244 --- [Cinema] [main] org.hibernate.orm.connections.pooling    : HHH10001005: Database info:
	Database JDBC URL [Connecting through datasource 'HikariDataSource (HikariPool-1)']
	Database driver: undefined/unknown
	Database version: 17.4
	Autocommit mode: undefined/unknown
	Isolation level: undefined/unknown
	Minimum pool size: undefined/unknown
	Maximum pool size: undefined/unknown
2025-04-18T00:30:50.641+03:00  INFO 8244 --- [Cinema] [main] o.h.e.t.j.p.i.JtaPlatformInitiator       : HHH000489: No JTA platform available (set 'hibernate.transaction.jta.platform' to enable JTA platform integration)
2025-04-18T00:30:51.060+03:00  INFO 8244 --- [Cinema] [main] j.LocalContainerEntityManagerFactoryBean : Initialized JPA EntityManagerFactory for persistence unit 'default'
2025-04-18T00:30:52.026+03:00  INFO 8244 --- [Cinema] [main] o.s.d.j.r.query.QueryEnhancerFactory     : Hibernate is in classpath; If applicable, HQL parser will be used.
2025-04-18T00:30:54.260+03:00  WARN 8244 --- [Cinema] [main] JpaBaseConfiguration$JpaWebConfiguration : spring.jpa.open-in-view is enabled by default. Therefore, database queries may be performed during view rendering. Explicitly configure spring.jpa.open-in-view to disable this warning
2025-04-18T00:30:54.326+03:00  INFO 8244 --- [Cinema] [main] o.s.b.a.w.s.WelcomePageHandlerMapping    : Adding welcome page: class path resource [static/index.html]
2025-04-18T00:30:55.573+03:00  INFO 8244 --- [Cinema] [main] o.s.b.w.embedded.tomcat.TomcatWebServer  : Tomcat started on port 8080 (http) with context path '/'
2025-04-18T00:30:55.598+03:00  INFO 8244 --- [Cinema] [main] com.example.cinema.CinemaApplication     : Started CinemaApplication in 11.002 seconds (process running for 11.704)
2025-04-18T00:32:28.692+03:00  INFO 8244 --- [Cinema] [http-nio-8080-exec-1] o.a.c.c.C.[Tomcat].[localhost].[/]       : Initializing Spring DispatcherServlet 'dispatcherServlet'
2025-04-18T00:32:28.692+03:00  INFO 8244 --- [Cinema] [http-nio-8080-exec-1] o.s.web.servlet.DispatcherServlet        : Initializing Servlet 'dispatcherServlet'
2025-04-18T00:32:28.694+03:00  INFO 8244 --- [Cinema] [http-nio-8080-exec-1] o.s.web.servlet.DispatcherServlet        : Completed initialization in 1 ms
2025-04-18T00:32:30.143+03:00  INFO 8244 --- [Cinema] [http-nio-8080-exec-4] o.springdoc.api.AbstractOpenApiResource  : Init duration for springdoc-openapi is: 738 ms
2025-04-18T00:32:58.005+03:00  INFO 8244 --- [Cinema] [SpringApplicationShutdownHook] o.s.b.w.e.tomcat.GracefulShutdown        : Commencing graceful shutdown. Waiting for active requests to complete
2025-04-18T00:32:58.020+03:00  INFO 8244 --- [Cinema] [tomcat-shutdown] o.s.b.w.e.tomcat.GracefulShutdown        : Graceful shutdown complete
2025-04-18T00:32:58.029+03:00  INFO 8244 --- [Cinema] [SpringApplicationShutdownHook] j.LocalContainerEntityManagerFactoryBean : Closing JPA EntityManagerFactory for persistence unit 'default'
2025-04-18T00:32:58.032+03:00  INFO 8244 --- [Cinema] [SpringApplicationShutdownHook] com.zaxxer.hikari.HikariDataSource       : HikariPool-1 - Shutdown initiated...
2025-04-18T00:32:58.047+03:00  INFO 8244 --- [Cinema] [SpringApplicationShutdownHook] com.zaxxer.hikari.HikariDataSource       : HikariPool-1 - Shutdown completed.
